

+++++++++++++++++++++++++++++++++++++++++++++++++++++++++++
                   Equation of state data                  
+++++++++++++++++++++++++++++++++++++++++++++++++++++++++++
Lattice constant        Energy [eV]          Volume [AA^3] 
-----------------------------------------------------------
        2.370000      -21909.531505              13.312053
        2.434490      -21934.058219              14.428589
        2.498980      -21954.243877              15.605875
        2.563469      -21970.772620              16.845519
        2.627959      -21984.328698              18.149131
        2.692449      -21995.430589              19.518321
        2.756939      -22004.655719              20.954696
        2.821429      -22012.062874              22.459867
        2.885918      -22018.084344              24.035443
        2.950408      -22022.959033              25.683033
        3.014898      -22026.884582              27.404246
        3.079388      -22030.023647              29.200691
        3.143878      -22032.509786              31.073979
        3.208367      -22034.339745              33.025718
        3.272857      -22035.827200              35.057517
        3.337347      -22036.964552              37.170985
        3.401837      -22037.774527              39.367732
        3.466327      -22038.370346              41.649368
        3.530816      -22038.725682              44.017501
        3.595306      -22038.913461              46.473740
        3.659796      -22038.965041              49.019695
        3.724286      -22038.954669              51.656975
        3.788776      -22038.811468              54.387190
        3.853265      -22038.599566              57.211948
        3.917755      -22038.334280              60.132859
        3.982245      -22038.027890              63.151532
        4.046735      -22037.690217              66.269577
        4.111224      -22037.329595              69.488602
        4.175714      -22036.985160              72.810217
        4.240204      -22036.599842              76.236031
        4.304694      -22036.208566              79.767654
        4.369184      -22035.814878              83.406694
        4.433673      -22035.475536              87.154761
        4.498163      -22035.088010              91.013464
        4.562653      -22034.705710              94.984412
        4.627143      -22034.330454              99.069216
        4.691633      -22033.963332             103.269483
        4.756122      -22033.605148             107.586823
        4.820612      -22033.257120             112.022845
        4.885102      -22032.919487             116.579159
        4.949592      -22032.730246             121.257374
        5.014082      -22032.420306             126.059100
        5.078571      -22032.121822             130.985944
        5.143061      -22031.834604             136.039518
        5.207551      -22031.558499             141.221429
        5.272041      -22031.184936             146.533287
        5.336531      -22030.926243             151.976702
        5.401020      -22030.677845             157.553282
        5.465510      -22030.439808             163.264638
        5.530000      -22030.348559             169.112377


Lattice constant: 3.62142642953 Angstrom
Bulk modulus: 167.227348414 GPa
(Fitted) total energy at equilibrium latt. const.: -22039.5839108 eV
Forces on each atom:
[[ 0.  0.  0.]
 [ 0.  0.  0.]
 [ 0.  0.  0.]
 [ 0.  0.  0.]]
Potential Energy: -22038.949148 eV
Optimized lattice constant (a): (3.6214264295305343,) Angstrom
Optimized lattice constant (b): (3.6214264295305343,) Angstrom
Optimized lattice constant (c): (3.6214264295305343,) Angstrom
Maximum force: 0.0 eV/A
Final Structure: Atoms(symbols='Cu4', pbc=True, cell=[3.621426, 3.621426, 3.621426])
Esemble Energy: [-1928.02491347  1751.6188472  -1450.55348929  1105.44758103  -792.081217
   554.00904665  -394.12480139   286.63846638  -199.9098562    116.02774345
   -36.99938977   -23.24998866    53.29538302   -54.56122927    41.26425252
   -31.25304139    34.93454814   -49.99710754    64.99253083   -68.58700074
    57.7389064    -39.36003365    24.8949934    -22.13237008    30.12594927
   -40.52852471    43.97590292   -36.74828551    23.04804407   -11.57056183
  -153.35754119  -105.63618481] eV
