

+++++++++++++++++++++++++++++++++++++++++++++++++++++++++++
                   Equation of state data                  
+++++++++++++++++++++++++++++++++++++++++++++++++++++++++++
Lattice constant        Energy [eV]          Volume [AA^3] 
-----------------------------------------------------------
        2.948803      -19113.149936              25.641127
        2.999644      -19118.415794              26.990390
        3.050485      -19122.905307              28.386175
        3.101327      -19126.716911              29.829271
        3.152168      -19129.936190              31.320465
        3.203010      -19132.527909              32.860546
        3.253851      -19134.772035              34.450304
        3.304693      -19136.641321              36.090525
        3.355534      -19138.146848              37.782000
        3.406375      -19139.352416              39.525515
        3.457217      -19140.333755              41.321861
        3.508058      -19141.054436              43.171825
        3.558900      -19141.579971              45.076195
        3.609741      -19141.937328              47.035761
        3.660583      -19142.150237              49.051311
        3.711424      -19142.286424              51.123633
        3.762265      -19142.272211              53.253516
        3.813107      -19142.168762              55.441749
        3.863948      -19141.990057              57.689119
        3.914790      -19141.748436              59.996416
        3.965631      -19141.454627              62.364427
        4.016473      -19141.117923              64.793942
        4.067314      -19140.746335              67.285749
        4.118155      -19140.377294              69.840636
        4.168997      -19139.957181              72.459393
        4.219838      -19139.520382              75.142806
        4.270680      -19139.071336              77.891665
        4.321521      -19138.613831              80.706759
        4.372363      -19138.151261              83.588876
        4.423204      -19137.738910              86.538804


Lattice constant: 3.73016370511 Angstrom
Bulk modulus: 185.067003478 GPa
(Fitted) total energy at equilibrium latt. const.: -19142.2839624 eV
Forces on each atom:
[[ 0. -0.  0.]
 [ 0.  0.  0.]
 [ 0.  0.  0.]
 [ 0.  0.  0.]]
Potential Energy: -19142.2925372 eV
Optimized lattice constant (a): (3.7301637051095748,) Angstrom
Optimized lattice constant (b): (3.7301637051095748,) Angstrom
Optimized lattice constant (c): (3.7301637051095748,) Angstrom
Maximum force: 0.0 eV/A
Final Structure: Atoms(symbols='Cu3Re', pbc=True, cell=[3.730164, 3.730164, 3.730164])
